#
# There is insufficient memory for the Java Runtime Environment to continue.
# Native memory allocation (mmap) failed to map 130023424 bytes for committing reserved memory.
# Possible reasons:
#   The system is out of physical RAM or swap space
#   The process is running with CompressedOops enabled, and the Java Heap may be blocking the growth of the native heap
# Possible solutions:
#   Reduce memory load on the system
#   Increase physical memory or swap space
#   Check if swap backing store is full
#   Decrease Java heap size (-Xmx/-Xms)
#   Decrease number of Java threads
#   Decrease Java thread stack sizes (-Xss)
#   Set larger code cache with -XX:ReservedCodeCacheSize=
# This output file may be truncated or incomplete.
#
#  Out of Memory Error (os_linux.cpp:2893), pid=8923, tid=8929
#
# JRE version:  (11.0.4+11) (build )
# Java VM: OpenJDK 64-Bit Server VM (11.0.4+11-post-Ubuntu-1ubuntu218.04.3, mixed mode, aot, sharing, tiered, compressed oops, g1 gc, linux-amd64)
# Core dump will be written. Default location: Core dumps may be processed with "/usr/share/apport/apport %p %s %c %d %P" (or dumping to /home/hp100/wrkspace/java/MyGUI/core.8923)
#

---------------  S U M M A R Y ------------

Command Line: -Dfile.encoding=UTF-8 --module-path=/home/hp100/Programs/librerias/conectorMySQLJava/mysql-connector-java-5.1.45-bin.jar myGUIpkg.frmMaterias

Host: Intel(R) Core(TM) i7-7600U CPU @ 2.80GHz, 4 cores, 7G, Ubuntu 18.04.3 LTS
Time: Mon Sep 30 14:39:52 2019 -05 elapsed time: 0 seconds (0d 0h 0m 0s)

---------------  T H R E A D  ---------------

Current thread (0x00007fb0c8012000):  JavaThread "Unknown thread" [_thread_in_vm, id=8929, stack(0x00007fb0d1a99000,0x00007fb0d1b9a000)]

Stack: [0x00007fb0d1a99000,0x00007fb0d1b9a000],  sp=0x00007fb0d1b982c0,  free space=1020k
Native frames: (J=compiled Java code, A=aot compiled Java code, j=interpreted, Vv=VM code, C=native code)
V  [libjvm.so+0xde4547]
V  [libjvm.so+0xde519b]
V  [libjvm.so+0x6511a5]
V  [libjvm.so+0xbbed38]
V  [libjvm.so+0xbb5ebd]
V  [libjvm.so+0x76f53f]
V  [libjvm.so+0x76f7ae]
V  [libjvm.so+0x77b820]
V  [libjvm.so+0x7f6969]
V  [libjvm.so+0x7f75c2]
V  [libjvm.so+0x7f7a29]
V  [libjvm.so+0x72de6f]
V  [libjvm.so+0x72e55d]
V  [libjvm.so+0xd9ea32]
V  [libjvm.so+0xd9ecc6]
V  [libjvm.so+0x80f907]
V  [libjvm.so+0xd7d627]
V  [libjvm.so+0x8c8611]  JNI_CreateJavaVM+0x51
C  [libjli.so+0x4a66]
C  [libjli.so+0x92cd]


---------------  P R O C E S S  ---------------

Threads class SMR info:
_java_thread_list=0x000055e9cc47d020, length=0, elements={
}

Java Threads: ( => current thread )

Other Threads:
  0x00007fb0c8028000 GCTaskThread "GC Thread#0" [stack: 0x00007fb0cda92000,0x00007fb0cdb92000] [id=8930]
  0x00007fb0c8059000 ConcurrentGCThread "G1 Main Marker" [stack: 0x00007fb0cca07000,0x00007fb0ccb07000] [id=8931]
  0x00007fb0c805b000 ConcurrentGCThread "G1 Conc#0" [stack: 0x00007fb0cc905000,0x00007fb0cca05000] [id=8932]

[error occurred during error reporting (printing all threads), id 0xb, SIGSEGV (0xb) at pc=0x00007fb0d0080040]

VM state:not at safepoint (not fully initialized)

VM Mutex/Monitor currently owned by a thread:  ([mutex/lock_event])
[0x00007fb0c800e670] Heap_lock - owner thread: 0x00007fb0c8012000

Heap address: 0x0000000085200000, size: 1966 MB, Compressed Oops mode: Non-zero based: 0x0000000085200000
Narrow klass base: 0x0000000000000000, Narrow klass shift: 0

GC Heap History (0 events):
No events

Deoptimization events (0 events):
No events

Classes redefined (0 events):
No events

Internal exceptions (0 events):
No events

Events (0 events):
No events


Dynamic libraries:
8ce00000-100000000 ---p 00000000 00:00 0 
55e9cb556000-55e9cb557000 r-xp 00000000 08:02 3932406                    /usr/lib/jvm/java-11-openjdk-amd64/bin/java
55e9cb757000-55e9cb758000 r--p 00001000 08:02 3932406                    /usr/lib/jvm/java-11-openjdk-amd64/bin/java
55e9cb758000-55e9cb759000 rw-p 00002000 08:02 3932406                    /usr/lib/jvm/java-11-openjdk-amd64/bin/java
55e9cc465000-55e9cc486000 rw-p 00000000 00:00 0                          [heap]
7fb09c000000-7fb09c021000 rw-p 00000000 00:00 0 
7fb09c021000-7fb0a0000000 ---p 00000000 00:00 0 
7fb0a2000000-7fb0a4000000 rw-p 00000000 00:00 0 
7fb0a4000000-7fb0a4021000 rw-p 00000000 00:00 0 
7fb0a4021000-7fb0a8000000 ---p 00000000 00:00 0 
7fb0a8290000-7fb0ac000000 ---p 00000000 00:00 0 
7fb0ac000000-7fb0ac021000 rw-p 00000000 00:00 0 
7fb0ac021000-7fb0b0000000 ---p 00000000 00:00 0 
7fb0b0956000-7fb0b0bc6000 rwxp 00000000 00:00 0 
7fb0b0bc6000-7fb0b0ee6000 ---p 00000000 00:00 0 
7fb0b0ee6000-7fb0b1156000 rwxp 00000000 00:00 0 
7fb0b1156000-7fb0b841e000 ---p 00000000 00:00 0 
7fb0b841e000-7fb0b868e000 rwxp 00000000 00:00 0 
7fb0b868e000-7fb0bf956000 ---p 00000000 00:00 0 
7fb0bf956000-7fb0c8000000 r--s 00000000 08:02 3942458                    /usr/lib/jvm/java-11-openjdk-amd64/lib/modules
7fb0c8000000-7fb0c8076000 rw-p 00000000 00:00 0 
7fb0c8076000-7fb0cc000000 ---p 00000000 00:00 0 
7fb0cc4ff000-7fb0cc903000 rw-p 00000000 00:00 0 
7fb0cc903000-7fb0cc904000 ---p 00000000 00:00 0 
7fb0cc904000-7fb0cca05000 rw-p 00000000 00:00 0 
7fb0cca05000-7fb0cca06000 ---p 00000000 00:00 0 
7fb0cca06000-7fb0ccb07000 rw-p 00000000 00:00 0 
7fb0ccb07000-7fb0cd68c000 ---p 00000000 00:00 0 
7fb0cd68c000-7fb0cda90000 rw-p 00000000 00:00 0 
7fb0cda90000-7fb0cda91000 ---p 00000000 00:00 0 
7fb0cda91000-7fb0cdb97000 rw-p 00000000 00:00 0 
7fb0cdb97000-7fb0cdc7d000 ---p 00000000 00:00 0 
7fb0cdc7d000-7fb0cdc82000 rw-p 00000000 00:00 0 
7fb0cdc82000-7fb0cdd68000 ---p 00000000 00:00 0 
7fb0cdd68000-7fb0cdd6d000 r-xp 00000000 08:02 3942438                    /usr/lib/jvm/java-11-openjdk-amd64/lib/libjimage.so
7fb0cdd6d000-7fb0cdf6c000 ---p 00005000 08:02 3942438                    /usr/lib/jvm/java-11-openjdk-amd64/lib/libjimage.so
7fb0cdf6c000-7fb0cdf6d000 r--p 00004000 08:02 3942438                    /usr/lib/jvm/java-11-openjdk-amd64/lib/libjimage.so
7fb0cdf6d000-7fb0cdf6e000 rw-p 00005000 08:02 3942438                    /usr/lib/jvm/java-11-openjdk-amd64/lib/libjimage.so
7fb0cdf6e000-7fb0cdf75000 r-xp 00000000 08:02 3942457                    /usr/lib/jvm/java-11-openjdk-amd64/lib/libzip.so
7fb0cdf75000-7fb0ce174000 ---p 00007000 08:02 3942457                    /usr/lib/jvm/java-11-openjdk-amd64/lib/libzip.so
7fb0ce174000-7fb0ce175000 r--p 00006000 08:02 3942457                    /usr/lib/jvm/java-11-openjdk-amd64/lib/libzip.so
7fb0ce175000-7fb0ce176000 rw-p 00007000 08:02 3942457                    /usr/lib/jvm/java-11-openjdk-amd64/lib/libzip.so
7fb0ce176000-7fb0ce181000 r-xp 00000000 08:02 9700925                    /lib/x86_64-linux-gnu/libnss_files-2.27.so
7fb0ce181000-7fb0ce380000 ---p 0000b000 08:02 9700925                    /lib/x86_64-linux-gnu/libnss_files-2.27.so
7fb0ce380000-7fb0ce381000 r--p 0000a000 08:02 9700925                    /lib/x86_64-linux-gnu/libnss_files-2.27.so
7fb0ce381000-7fb0ce382000 rw-p 0000b000 08:02 9700925                    /lib/x86_64-linux-gnu/libnss_files-2.27.so
7fb0ce382000-7fb0ce388000 rw-p 00000000 00:00 0 
7fb0ce388000-7fb0ce39f000 r-xp 00000000 08:02 9700922                    /lib/x86_64-linux-gnu/libnsl-2.27.so
7fb0ce39f000-7fb0ce59e000 ---p 00017000 08:02 9700922                    /lib/x86_64-linux-gnu/libnsl-2.27.so
7fb0ce59e000-7fb0ce59f000 r--p 00016000 08:02 9700922                    /lib/x86_64-linux-gnu/libnsl-2.27.so
7fb0ce59f000-7fb0ce5a0000 rw-p 00017000 08:02 9700922                    /lib/x86_64-linux-gnu/libnsl-2.27.so
7fb0ce5a0000-7fb0ce5a2000 rw-p 00000000 00:00 0 
7fb0ce5a2000-7fb0ce5ad000 r-xp 00000000 08:02 9700927                    /lib/x86_64-linux-gnu/libnss_nis-2.27.so
7fb0ce5ad000-7fb0ce7ac000 ---p 0000b000 08:02 9700927                    /lib/x86_64-linux-gnu/libnss_nis-2.27.so
7fb0ce7ac000-7fb0ce7ad000 r--p 0000a000 08:02 9700927                    /lib/x86_64-linux-gnu/libnss_nis-2.27.so
7fb0ce7ad000-7fb0ce7ae000 rw-p 0000b000 08:02 9700927                    /lib/x86_64-linux-gnu/libnss_nis-2.27.so
7fb0ce7ae000-7fb0ce7b6000 r-xp 00000000 08:02 9700923                    /lib/x86_64-linux-gnu/libnss_compat-2.27.so
7fb0ce7b6000-7fb0ce9b6000 ---p 00008000 08:02 9700923                    /lib/x86_64-linux-gnu/libnss_compat-2.27.so
7fb0ce9b6000-7fb0ce9b7000 r--p 00008000 08:02 9700923                    /lib/x86_64-linux-gnu/libnss_compat-2.27.so
7fb0ce9b7000-7fb0ce9b8000 rw-p 00009000 08:02 9700923                    /lib/x86_64-linux-gnu/libnss_compat-2.27.so
7fb0ce9b8000-7fb0ce9e1000 r-xp 00000000 08:02 3942434                    /usr/lib/jvm/java-11-openjdk-amd64/lib/libjava.so
7fb0ce9e1000-7fb0cebe0000 ---p 00029000 08:02 3942434                    /usr/lib/jvm/java-11-openjdk-amd64/lib/libjava.so
7fb0cebe0000-7fb0cebe1000 r--p 00028000 08:02 3942434                    /usr/lib/jvm/java-11-openjdk-amd64/lib/libjava.so
7fb0cebe1000-7fb0cebe3000 rw-p 00029000 08:02 3942434                    /usr/lib/jvm/java-11-openjdk-amd64/lib/libjava.so
7fb0cebe3000-7fb0cebf0000 r-xp 00000000 08:02 3942456                    /usr/lib/jvm/java-11-openjdk-amd64/lib/libverify.so
7fb0cebf0000-7fb0cedef000 ---p 0000d000 08:02 3942456                    /usr/lib/jvm/java-11-openjdk-amd64/lib/libverify.so
7fb0cedef000-7fb0cedf1000 r--p 0000c000 08:02 3942456                    /usr/lib/jvm/java-11-openjdk-amd64/lib/libverify.so
7fb0cedf1000-7fb0cedf2000 rw-p 0000e000 08:02 3942456                    /usr/lib/jvm/java-11-openjdk-amd64/lib/libverify.so
7fb0cedf2000-7fb0cedf9000 r-xp 00000000 08:02 9700932                    /lib/x86_64-linux-gnu/librt-2.27.so
7fb0cedf9000-7fb0ceff8000 ---p 00007000 08:02 9700932                    /lib/x86_64-linux-gnu/librt-2.27.so
7fb0ceff8000-7fb0ceff9000 r--p 00006000 08:02 9700932                    /lib/x86_64-linux-gnu/librt-2.27.so
7fb0ceff9000-7fb0ceffa000 rw-p 00007000 08:02 9700932                    /lib/x86_64-linux-gnu/librt-2.27.so
7fb0ceffa000-7fb0cf011000 r-xp 00000000 08:02 9699611                    /lib/x86_64-linux-gnu/libgcc_s.so.1
7fb0cf011000-7fb0cf210000 ---p 00017000 08:02 9699611                    /lib/x86_64-linux-gnu/libgcc_s.so.1
7fb0cf210000-7fb0cf211000 r--p 00016000 08:02 9699611                    /lib/x86_64-linux-gnu/libgcc_s.so.1
7fb0cf211000-7fb0cf212000 rw-p 00017000 08:02 9699611                    /lib/x86_64-linux-gnu/libgcc_s.so.1
7fb0cf212000-7fb0cf3af000 r-xp 00000000 08:02 9700843                    /lib/x86_64-linux-gnu/libm-2.27.so
7fb0cf3af000-7fb0cf5ae000 ---p 0019d000 08:02 9700843                    /lib/x86_64-linux-gnu/libm-2.27.so
7fb0cf5ae000-7fb0cf5af000 r--p 0019c000 08:02 9700843                    /lib/x86_64-linux-gnu/libm-2.27.so
7fb0cf5af000-7fb0cf5b0000 rw-p 0019d000 08:02 9700843                    /lib/x86_64-linux-gnu/libm-2.27.so
7fb0cf5b0000-7fb0cf729000 r-xp 00000000 08:02 3933438                    /usr/lib/x86_64-linux-gnu/libstdc++.so.6.0.25
7fb0cf729000-7fb0cf929000 ---p 00179000 08:02 3933438                    /usr/lib/x86_64-linux-gnu/libstdc++.so.6.0.25
7fb0cf929000-7fb0cf933000 r--p 00179000 08:02 3933438                    /usr/lib/x86_64-linux-gnu/libstdc++.so.6.0.25
7fb0cf933000-7fb0cf935000 rw-p 00183000 08:02 3933438                    /usr/lib/x86_64-linux-gnu/libstdc++.so.6.0.25
7fb0cf935000-7fb0cf939000 rw-p 00000000 00:00 0 
7fb0cf939000-7fb0d0a05000 r-xp 00000000 08:02 4068073                    /usr/lib/jvm/java-11-openjdk-amd64/lib/server/libjvm.so
7fb0d0a05000-7fb0d0c04000 ---p 010cc000 08:02 4068073                    /usr/lib/jvm/java-11-openjdk-amd64/lib/server/libjvm.so
7fb0d0c04000-7fb0d0cc1000 r--p 010cb000 08:02 4068073                    /usr/lib/jvm/java-11-openjdk-amd64/lib/server/libjvm.so
7fb0d0cc1000-7fb0d0cfa000 rw-p 01188000 08:02 4068073                    /usr/lib/jvm/java-11-openjdk-amd64/lib/server/libjvm.so
7fb0d0cfa000-7fb0d0d50000 rw-p 00000000 00:00 0 
7fb0d0d50000-7fb0d0d6a000 r-xp 00000000 08:02 9700930                    /lib/x86_64-linux-gnu/libpthread-2.27.so
7fb0d0d6a000-7fb0d0f69000 ---p 0001a000 08:02 9700930                    /lib/x86_64-linux-gnu/libpthread-2.27.so
7fb0d0f69000-7fb0d0f6a000 r--p 00019000 08:02 9700930                    /lib/x86_64-linux-gnu/libpthread-2.27.so
7fb0d0f6a000-7fb0d0f6b000 rw-p 0001a000 08:02 9700930                    /lib/x86_64-linux-gnu/libpthread-2.27.so
7fb0d0f6b000-7fb0d0f6f000 rw-p 00000000 00:00 0 
7fb0d0f6f000-7fb0d0f72000 r-xp 00000000 08:02 9699425                    /lib/x86_64-linux-gnu/libdl-2.27.so
7fb0d0f72000-7fb0d1171000 ---p 00003000 08:02 9699425                    /lib/x86_64-linux-gnu/libdl-2.27.so
7fb0d1171000-7fb0d1172000 r--p 00002000 08:02 9699425                    /lib/x86_64-linux-gnu/libdl-2.27.so
7fb0d1172000-7fb0d1173000 rw-p 00003000 08:02 9699425                    /lib/x86_64-linux-gnu/libdl-2.27.so
7fb0d1173000-7fb0d118f000 r-xp 00000000 08:02 9707788                    /lib/x86_64-linux-gnu/libz.so.1.2.11
7fb0d118f000-7fb0d138e000 ---p 0001c000 08:02 9707788                    /lib/x86_64-linux-gnu/libz.so.1.2.11
7fb0d138e000-7fb0d138f000 r--p 0001b000 08:02 9707788                    /lib/x86_64-linux-gnu/libz.so.1.2.11
7fb0d138f000-7fb0d1390000 rw-p 0001c000 08:02 9707788                    /lib/x86_64-linux-gnu/libz.so.1.2.11
7fb0d1390000-7fb0d1577000 r-xp 00000000 08:02 9699417                    /lib/x86_64-linux-gnu/libc-2.27.so
7fb0d1577000-7fb0d1777000 ---p 001e7000 08:02 9699417                    /lib/x86_64-linux-gnu/libc-2.27.so
7fb0d1777000-7fb0d177b000 r--p 001e7000 08:02 9699417                    /lib/x86_64-linux-gnu/libc-2.27.so
7fb0d177b000-7fb0d177d000 rw-p 001eb000 08:02 9699417                    /lib/x86_64-linux-gnu/libc-2.27.so
7fb0d177d000-7fb0d1781000 rw-p 00000000 00:00 0 
7fb0d1781000-7fb0d1791000 r-xp 00000000 08:02 4068070                    /usr/lib/jvm/java-11-openjdk-amd64/lib/jli/libjli.so
7fb0d1791000-7fb0d1990000 ---p 00010000 08:02 4068070                    /usr/lib/jvm/java-11-openjdk-amd64/lib/jli/libjli.so
7fb0d1990000-7fb0d1991000 r--p 0000f000 08:02 4068070                    /usr/lib/jvm/java-11-openjdk-amd64/lib/jli/libjli.so
7fb0d1991000-7fb0d1992000 rw-p 00010000 08:02 4068070                    /usr/lib/jvm/java-11-openjdk-amd64/lib/jli/libjli.so
7fb0d1992000-7fb0d19b9000 r-xp 00000000 08:02 9699353                    /lib/x86_64-linux-gnu/ld-2.27.so
7fb0d1a57000-7fb0d1a99000 rw-p 00000000 00:00 0 
7fb0d1a99000-7fb0d1a9d000 ---p 00000000 00:00 0 
7fb0d1a9d000-7fb0d1b9c000 rw-p 00000000 00:00 0 
7fb0d1b9f000-7fb0d1ba4000 rw-p 00000000 00:00 0 
7fb0d1ba4000-7fb0d1bab000 ---p 00000000 00:00 0 
7fb0d1bab000-7fb0d1bad000 r--s 00007000 08:02 4456705                    /usr/share/java/java-atk-wrapper.jar
7fb0d1bad000-7fb0d1bb5000 rw-s 00000000 08:02 10094414                   /tmp/hsperfdata_hp100/8923
7fb0d1bb5000-7fb0d1bb6000 ---p 00000000 00:00 0 
7fb0d1bb6000-7fb0d1bb7000 r--p 00000000 00:00 0 
7fb0d1bb7000-7fb0d1bb9000 rw-p 00000000 00:00 0 
7fb0d1bb9000-7fb0d1bba000 r--p 00027000 08:02 9699353                    /lib/x86_64-linux-gnu/ld-2.27.so
7fb0d1bba000-7fb0d1bbb000 rw-p 00028000 08:02 9699353                    /lib/x86_64-linux-gnu/ld-2.27.so
7fb0d1bbb000-7fb0d1bbc000 rw-p 00000000 00:00 0 
7ffe12d2c000-7ffe12d4d000 rw-p 00000000 00:00 0                          [stack]
7ffe12db3000-7ffe12db6000 r--p 00000000 00:00 0                          [vvar]
7ffe12db6000-7ffe12db8000 r-xp 00000000 00:00 0                          [vdso]
ffffffffff600000-ffffffffff601000 r-xp 00000000 00:00 0                  [vsyscall]


VM Arguments:
jvm_args: -Dfile.encoding=UTF-8 --module-path=/home/hp100/Programs/librerias/conectorMySQLJava/mysql-connector-java-5.1.45-bin.jar 
java_command: myGUIpkg.frmMaterias
java_class_path (initial): /home/hp100/wrkspace/java/MyGUI/bin
Launcher Type: SUN_STANDARD

[Global flags]
     intx CICompilerCount                          = 3                                         {product} {ergonomic}
     uint ConcGCThreads                            = 1                                         {product} {ergonomic}
     uint G1ConcRefinementThreads                  = 4                                         {product} {ergonomic}
   size_t G1HeapRegionSize                         = 1048576                                   {product} {ergonomic}
    uintx GCDrainStackTargetSize                   = 64                                        {product} {ergonomic}
   size_t InitialHeapSize                          = 130023424                                 {product} {ergonomic}
   size_t MarkStackSize                            = 4194304                                   {product} {ergonomic}
   size_t MaxHeapSize                              = 2061500416                                {product} {ergonomic}
   size_t MinHeapDeltaBytes                        = 1048576                                   {product} {ergonomic}
    uintx NonNMethodCodeHeapSize                   = 5830092                                {pd product} {ergonomic}
    uintx NonProfiledCodeHeapSize                  = 122914074                              {pd product} {ergonomic}
    uintx ProfiledCodeHeapSize                     = 122914074                              {pd product} {ergonomic}
    uintx ReservedCodeCacheSize                    = 251658240                              {pd product} {ergonomic}
     bool SegmentedCodeCache                       = true                                      {product} {ergonomic}
     bool UseCompressedClassPointers               = true                                 {lp64_product} {ergonomic}
     bool UseCompressedOops                        = true                                 {lp64_product} {ergonomic}
     bool UseG1GC                                  = true                                      {product} {ergonomic}

Logging:
Log output configuration:
 #0: stdout all=warning uptime,level,tags
 #1: stderr all=off uptime,level,tags

Environment Variables:
PATH=/usr/local/sbin:/usr/local/bin:/usr/sbin:/usr/bin:/sbin:/bin:/usr/games:/usr/local/games:/snap/bin
USERNAME=hp100
SHELL=/bin/bash
DISPLAY=:0

Signal Handlers:
SIGSEGV: [libjvm.so+0xde5f50], sa_mask[0]=11111111011111111101111111111110, sa_flags=SA_RESTART|SA_SIGINFO
SIGBUS: [libjvm.so+0xde5f50], sa_mask[0]=11111111011111111101111111111110, sa_flags=SA_RESTART|SA_SIGINFO
SIGFPE: [libjvm.so+0xde5f50], sa_mask[0]=11111111011111111101111111111110, sa_flags=SA_RESTART|SA_SIGINFO
SIGPIPE: [libjvm.so+0xbba5b0], sa_mask[0]=11111111011111111101111111111110, sa_flags=SA_RESTART|SA_SIGINFO
SIGXFSZ: [libjvm.so+0xbba5b0], sa_mask[0]=11111111011111111101111111111110, sa_flags=SA_RESTART|SA_SIGINFO
SIGILL: [libjvm.so+0xde5f50], sa_mask[0]=11111111011111111101111111111110, sa_flags=SA_RESTART|SA_SIGINFO
SIGUSR2: [libjvm.so+0xbba450], sa_mask[0]=00100000000000000000000000000000, sa_flags=SA_RESTART|SA_SIGINFO
SIGHUP: SIG_DFL, sa_mask[0]=00000000000000000000000000000000, sa_flags=none
SIGINT: SIG_DFL, sa_mask[0]=00000000000000000000000000000000, sa_flags=none
SIGTERM: SIG_DFL, sa_mask[0]=00000000000000000000000000000000, sa_flags=none
SIGQUIT: SIG_DFL, sa_mask[0]=00000000000000000000000000000000, sa_flags=none


---------------  S Y S T E M  ---------------

OS:DISTRIB_ID=Ubuntu
DISTRIB_RELEASE=18.04
DISTRIB_CODENAME=bionic
DISTRIB_DESCRIPTION="Ubuntu 18.04.3 LTS"
uname:Linux 4.15.0-64-generic #73-Ubuntu SMP Thu Sep 12 13:16:13 UTC 2019 x86_64
libc:glibc 2.27 NPTL 2.27 
rlimit: STACK 8192k, CORE 0k, NPROC 30880, NOFILE 4096, AS infinity, DATA infinity, FSIZE infinity
load average:3.47 3.19 3.02

/proc/meminfo:
MemTotal:        8045160 kB
MemFree:          114272 kB
MemAvailable:      42556 kB
Buffers:            3312 kB
Cached:           539892 kB
SwapCached:         6504 kB
Active:          6563672 kB
Inactive:         857004 kB
Active(anon):    6533156 kB
Inactive(anon):   819560 kB
Active(file):      30516 kB
Inactive(file):    37444 kB
Unevictable:         712 kB
Mlocked:             712 kB
SwapTotal:       2097148 kB
SwapFree:              0 kB
Dirty:               692 kB
Writeback:             0 kB
AnonPages:       6873172 kB
Mapped:           268992 kB
Shmem:            475032 kB
Slab:             177124 kB
SReclaimable:      58932 kB
SUnreclaim:       118192 kB
KernelStack:       32512 kB
PageTables:       168480 kB
NFS_Unstable:          0 kB
Bounce:                0 kB
WritebackTmp:          0 kB
CommitLimit:     6119728 kB
Committed_AS:   29456872 kB
VmallocTotal:   34359738367 kB
VmallocUsed:           0 kB
VmallocChunk:          0 kB
HardwareCorrupted:     0 kB
AnonHugePages:         0 kB
ShmemHugePages:        0 kB
ShmemPmdMapped:        0 kB
CmaTotal:              0 kB
CmaFree:               0 kB
HugePages_Total:       0
HugePages_Free:        0
HugePages_Rsvd:        0
HugePages_Surp:        0
Hugepagesize:       2048 kB
DirectMap4k:      503400 kB
DirectMap2M:     7761920 kB
DirectMap1G:           0 kB


/proc/sys/kernel/threads-max (system-wide limit on the number of threads):
61760


/proc/sys/vm/max_map_count (maximum number of memory map areas a process may have):
65530


/proc/sys/kernel/pid_max (system-wide limit on number of process identifiers):
32768



container (cgroup) information:
container_type: cgroupv1
cpu_cpuset_cpus: 0-3
cpu_memory_nodes: 0
active_processor_count: 4
cpu_quota: -1
cpu_period: 100000
cpu_shares: -1
memory_limit_in_bytes: -1
memory_and_swap_limit_in_bytes: -2
memory_soft_limit_in_bytes: -1
memory_usage_in_bytes: 7599804416
memory_max_usage_in_bytes: 13025280

Steal ticks since vm start: 0
Steal ticks percentage since vm start:  0.000

CPU:total 4 (initial active 4) (2 cores per cpu, 2 threads per core) family 6 model 142 stepping 9, cmov, cx8, fxsr, mmx, sse, sse2, sse3, ssse3, sse4.1, sse4.2, popcnt, avx, avx2, aes, clmul, erms, rtm, 3dnowpref, lzcnt, ht, tsc, tscinvbit, bmi1, bmi2, adx, fma
CPU Model and flags from /proc/cpuinfo:
model name	: Intel(R) Core(TM) i7-7600U CPU @ 2.80GHz
flags		: fpu vme de pse tsc msr pae mce cx8 apic sep mtrr pge mca cmov pat pse36 clflush dts acpi mmx fxsr sse sse2 ss ht tm pbe syscall nx pdpe1gb rdtscp lm constant_tsc art arch_perfmon pebs bts rep_good nopl xtopology nonstop_tsc cpuid aperfmperf tsc_known_freq pni pclmulqdq dtes64 monitor ds_cpl vmx smx est tm2 ssse3 sdbg fma cx16 xtpr pdcm pcid sse4_1 sse4_2 x2apic movbe popcnt tsc_deadline_timer aes xsave avx f16c rdrand lahf_lm abm 3dnowprefetch cpuid_fault epb invpcid_single pti ssbd ibrs ibpb stibp tpr_shadow vnmi flexpriority ept vpid fsgsbase tsc_adjust bmi1 hle avx2 smep bmi2 erms invpcid rtm mpx rdseed adx smap clflushopt intel_pt xsaveopt xsavec xgetbv1 xsaves dtherm ida arat pln pts hwp hwp_notify hwp_act_window hwp_epp md_clear flush_l1d

Memory: 4k page, physical 8045160k(113652k free), swap 2097148k(0k free)

vm_info: OpenJDK 64-Bit Server VM (11.0.4+11-post-Ubuntu-1ubuntu218.04.3) for linux-amd64 JRE (11.0.4+11-post-Ubuntu-1ubuntu218.04.3), built on Jul 18 2019 18:21:46 by "buildd" with gcc 7.4.0

END.
